<?xml version="1.0" encoding="UTF-8"?>
<!-- Generated by org.testng.reporters.JUnitReportReporter -->
<testsuite hostname="LAPTOP-4RAGM6OB" failures="0" tests="1" name="test.LoginTest" time="13.541" errors="0" timestamp="2024-01-03T12:23:01 CST" skipped="0">
  <testcase classname="test.LoginTest" name="validUserShoudBeAbleToLogin" time="13.541"/>
</testsuite> <!-- test.LoginTest -->
