<?xml version="1.0" encoding="UTF-8"?>
<!-- Generated by org.testng.reporters.JUnitReportReporter -->
<testsuite hostname="LAPTOP-4RAGM6OB" failures="0" tests="1" name="test.AddCustomerTest" time="17.466" errors="0" timestamp="2024-01-03T12:13:33 CST" skipped="0">
  <testcase classname="test.AddCustomerTest" name="userShouldBeAbleToAddNewCustomer" time="17.466"/>
</testsuite> <!-- test.AddCustomerTest -->
