<?xml version="1.0" encoding="UTF-8"?>
<!-- Generated by org.testng.reporters.JUnitReportReporter -->
<testsuite hostname="LAPTOP-4RAGM6OB" failures="0" tests="1" name="util.BrowserFactory" time="7.215" errors="0" timestamp="2023-12-10T16:47:17 CST" skipped="0">
  <testcase classname="util.BrowserFactory" name="setup" time="7.215"/>
</testsuite> <!-- util.BrowserFactory -->
