<?xml version="1.0" encoding="UTF-8"?>
<!-- Generated by org.testng.reporters.JUnitReportReporter -->
<testsuite hostname="LAPTOP-4RAGM6OB" failures="0" tests="1" name="test.AddCustomerTest" time="19.835" errors="0" timestamp="2024-01-30T20:01:36 CST" skipped="0">
  <testcase classname="test.AddCustomerTest" name="userShouldBeAbleToAddNewCustomer" time="19.835"/>
</testsuite> <!-- test.AddCustomerTest -->
